[18-Mar-2019 13:10:02 Asia/Tokyo] テスト
[18-Mar-2019 13:10:04 Asia/Tokyo] テスト
[18-Mar-2019 16:44:23 Asia/Tokyo] テスト
[18-Mar-2019 16:44:23 Asia/Tokyo] PHP Warning:  date() expects at least 1 parameter, 0 given in /Applications/MAMP/htdocs/myshopping/signup.php on line 43
[18-Mar-2019 16:44:23 Asia/Tokyo] PHP Warning:  date() expects at least 1 parameter, 0 given in /Applications/MAMP/htdocs/myshopping/signup.php on line 44
[18-Mar-2019 16:44:23 Asia/Tokyo] PHP Fatal error:  Uncaught PDOException: SQLSTATE[42S22]: Column not found: 1054 Unknown column 'create_date' in 'field list' in /Applications/MAMP/htdocs/myshopping/signup.php:48
Stack trace:
#0 /Applications/MAMP/htdocs/myshopping/signup.php(48): PDO->prepare('INSERT INTO use...')
#1 {main}
  thrown in /Applications/MAMP/htdocs/myshopping/signup.php on line 48
[18-Mar-2019 16:46:48 Asia/Tokyo] テスト
[18-Mar-2019 16:46:48 Asia/Tokyo] PHP Fatal error:  Uncaught PDOException: SQLSTATE[42S22]: Column not found: 1054 Unknown column 'create_date' in 'field list' in /Applications/MAMP/htdocs/myshopping/signup.php:48
Stack trace:
#0 /Applications/MAMP/htdocs/myshopping/signup.php(48): PDO->prepare('INSERT INTO use...')
#1 {main}
  thrown in /Applications/MAMP/htdocs/myshopping/signup.php on line 48
[18-Mar-2019 16:48:07 Asia/Tokyo] テスト
[18-Mar-2019 16:48:07 Asia/Tokyo] PHP Fatal error:  Uncaught Error: Call to undefined method PDOStatement::bind_param() in /Applications/MAMP/htdocs/myshopping/signup.php:50
Stack trace:
#0 {main}
  thrown in /Applications/MAMP/htdocs/myshopping/signup.php on line 50
[18-Mar-2019 16:49:11 Asia/Tokyo] テスト
[18-Mar-2019 16:49:11 Asia/Tokyo] PHP Fatal error:  Uncaught Error: Call to undefined method PDOStatement::excute() in /Applications/MAMP/htdocs/myshopping/signup.php:50
Stack trace:
#0 {main}
  thrown in /Applications/MAMP/htdocs/myshopping/signup.php on line 50
[18-Mar-2019 16:49:46 Asia/Tokyo] テスト
[18-Mar-2019 16:49:46 Asia/Tokyo] PHP Fatal error:  Uncaught PDOException: SQLSTATE[HY093]: Invalid parameter number: parameter was not defined in /Applications/MAMP/htdocs/myshopping/signup.php:50
Stack trace:
#0 /Applications/MAMP/htdocs/myshopping/signup.php(50): PDOStatement->execute(Array)
#1 {main}
  thrown in /Applications/MAMP/htdocs/myshopping/signup.php on line 50
[18-Mar-2019 16:50:43 Asia/Tokyo] テスト
[18-Mar-2019 16:50:43 Asia/Tokyo] PHP Fatal error:  Uncaught PDOException: SQLSTATE[HY000]: General error: 1366 Incorrect integer value: '' for column 'password' at row 1 in /Applications/MAMP/htdocs/myshopping/signup.php:50
Stack trace:
#0 /Applications/MAMP/htdocs/myshopping/signup.php(50): PDOStatement->execute(Array)
#1 {main}
  thrown in /Applications/MAMP/htdocs/myshopping/signup.php on line 50
[18-Mar-2019 16:52:25 Asia/Tokyo] テスト
[18-Mar-2019 16:52:25 Asia/Tokyo] PHP Fatal error:  Uncaught PDOException: SQLSTATE[HY000]: General error: 1364 Field 'name' doesn't have a default value in /Applications/MAMP/htdocs/myshopping/signup.php:50
Stack trace:
#0 /Applications/MAMP/htdocs/myshopping/signup.php(50): PDOStatement->execute(Array)
#1 {main}
  thrown in /Applications/MAMP/htdocs/myshopping/signup.php on line 50
[18-Mar-2019 16:52:53 Asia/Tokyo] テスト
[18-Mar-2019 16:53:46 Asia/Tokyo] テスト
[18-Mar-2019 17:01:27 Asia/Tokyo] テスト
[18-Mar-2019 17:01:27 Asia/Tokyo] PHP Fatal error:  Uncaught Error: Call to undefined function errors() in /Applications/MAMP/htdocs/myshopping/signup.php:60
Stack trace:
#0 {main}
  thrown in /Applications/MAMP/htdocs/myshopping/signup.php on line 60
[18-Mar-2019 17:01:58 Asia/Tokyo] テスト
[18-Mar-2019 17:01:58 Asia/Tokyo] PHP Fatal error:  Uncaught Error: Call to undefined function errors() in /Applications/MAMP/htdocs/myshopping/signup.php:60
Stack trace:
#0 {main}
  thrown in /Applications/MAMP/htdocs/myshopping/signup.php on line 60
[18-Mar-2019 17:03:56 Asia/Tokyo] テスト
[18-Mar-2019 17:03:56 Asia/Tokyo] 例外発生：SQLSTATE[21S01]: Insert value list does not match column list: 1136 Column count doesn't match value count at row 1
[18-Mar-2019 17:05:51 Asia/Tokyo] テスト
[18-Mar-2019 17:06:41 Asia/Tokyo] テスト
[18-Mar-2019 17:07:00 Asia/Tokyo] テスト
[18-Mar-2019 17:07:02 Asia/Tokyo] テスト
[18-Mar-2019 17:07:04 Asia/Tokyo] テスト
[18-Mar-2019 17:07:55 Asia/Tokyo] テスト
[18-Mar-2019 17:08:16 Asia/Tokyo] テスト
[18-Mar-2019 17:08:23 Asia/Tokyo] テスト
